Using pre-set license
Built from '2021.3/staging' branch; Version is '2021.3.18f1 (3129e69bc0c7) revision 3221990'; Using compiler version '192829333'; Build Type 'Release'
OS: 'Windows 10  (10.0.19044) 64bit Professional' Language: 'ru' Physical Memory: 16316 MB
BatchMode: 1, IsHumanControllingUs: 0, StartBugReporterOnCrash: 0, Is64bit: 1, IsPro: 1

COMMAND LINE ARGUMENTS:
C:\Program Files\Unity\Hub\Editor\2021.3.18f1\Editor\Unity.exe
-adb2
-batchMode
-noUpm
-name
AssetImportWorker1
-projectPath
C:/Users/likip/OneDrive/Documents/Unity Projects/Legoteka
-logFile
Logs/AssetImportWorker1.log
-srvPort
55699
Successfully changed project path to: C:/Users/likip/OneDrive/Documents/Unity Projects/Legoteka
C:/Users/likip/OneDrive/Documents/Unity Projects/Legoteka
[UnityMemory] Configuration Parameters - Can be set up in boot.config
    "memorysetup-bucket-allocator-granularity=16"
    "memorysetup-bucket-allocator-bucket-count=8"
    "memorysetup-bucket-allocator-block-size=33554432"
    "memorysetup-bucket-allocator-block-count=8"
    "memorysetup-main-allocator-block-size=16777216"
    "memorysetup-thread-allocator-block-size=16777216"
    "memorysetup-gfx-main-allocator-block-size=16777216"
    "memorysetup-gfx-thread-allocator-block-size=16777216"
    "memorysetup-cache-allocator-block-size=4194304"
    "memorysetup-typetree-allocator-block-size=2097152"
    "memorysetup-profiler-bucket-allocator-granularity=16"
    "memorysetup-profiler-bucket-allocator-bucket-count=8"
    "memorysetup-profiler-bucket-allocator-block-size=33554432"
    "memorysetup-profiler-bucket-allocator-block-count=8"
    "memorysetup-profiler-allocator-block-size=16777216"
    "memorysetup-profiler-editor-allocator-block-size=1048576"
    "memorysetup-temp-allocator-size-main=16777216"
    "memorysetup-job-temp-allocator-block-size=2097152"
    "memorysetup-job-temp-allocator-block-size-background=1048576"
    "memorysetup-job-temp-allocator-reduction-small-platforms=262144"
    "memorysetup-temp-allocator-size-background-worker=32768"
    "memorysetup-temp-allocator-size-job-worker=262144"
    "memorysetup-temp-allocator-size-preload-manager=33554432"
    "memorysetup-temp-allocator-size-nav-mesh-worker=65536"
    "memorysetup-temp-allocator-size-audio-worker=65536"
    "memorysetup-temp-allocator-size-cloud-worker=32768"
    "memorysetup-temp-allocator-size-gi-baking-worker=262144"
    "memorysetup-temp-allocator-size-gfx=262144"
Player connection [11116] Host "[IP] 192.168.1.20 [Port] 0 [Flags] 2 [Guid] 2785999044 [EditorId] 2785999044 [Version] 1048832 [Id] WindowsEditor(7,likip-PC) [Debug] 1 [PackageName] WindowsEditor [ProjectName] Editor" joined multi-casting on [225.0.0.222:54997]...

Player connection [11116] Host "[IP] 192.168.1.20 [Port] 0 [Flags] 2 [Guid] 2785999044 [EditorId] 2785999044 [Version] 1048832 [Id] WindowsEditor(7,likip-PC) [Debug] 1 [PackageName] WindowsEditor [ProjectName] Editor" joined alternative multi-casting on [225.0.0.222:34997]...

Refreshing native plugins compatible for Editor in 25.25 ms, found 3 plugins.
Preloading 0 native plugins for Editor in 0.00 ms.
Initialize engine version: 2021.3.18f1 (3129e69bc0c7)
[Subsystems] Discovering subsystems at path C:/Program Files/Unity/Hub/Editor/2021.3.18f1/Editor/Data/Resources/UnitySubsystems
[Subsystems] Discovering subsystems at path C:/Users/likip/OneDrive/Documents/Unity Projects/Legoteka/Assets
GfxDevice: creating device client; threaded=0; jobified=0
Direct3D:
    Version:  Direct3D 11.0 [level 11.1]
    Renderer: NVIDIA GeForce RTX 2080 (ID=0x1e87)
    Vendor:   NVIDIA
    VRAM:     8001 MB
    Driver:   31.0.15.3118
Initialize mono
Mono path[0] = 'C:/Program Files/Unity/Hub/Editor/2021.3.18f1/Editor/Data/Managed'
Mono path[1] = 'C:/Program Files/Unity/Hub/Editor/2021.3.18f1/Editor/Data/MonoBleedingEdge/lib/mono/unityjit-win32'
Mono config path = 'C:/Program Files/Unity/Hub/Editor/2021.3.18f1/Editor/Data/MonoBleedingEdge/etc'
Using monoOptions --debugger-agent=transport=dt_socket,embedding=1,server=y,suspend=n,address=127.0.0.1:56328
Begin MonoManager ReloadAssembly
Registering precompiled unity dll's ...
Register platform support module: C:/Program Files/Unity/Hub/Editor/2021.3.18f1/Editor/Data/PlaybackEngines/AndroidPlayer/UnityEditor.Android.Extensions.dll
Register platform support module: C:/Program Files/Unity/Hub/Editor/2021.3.18f1/Editor/Data/PlaybackEngines/WindowsStandaloneSupport/UnityEditor.WindowsStandalone.Extensions.dll
Registered in 0.011307 seconds.
Native extension for WindowsStandalone target not found
Native extension for Android target not found
Android Extension - Scanning For ADB Devices 301 ms
Refreshing native plugins compatible for Editor in 22.92 ms, found 3 plugins.
Preloading 0 native plugins for Editor in 0.00 ms.
Mono: successfully reloaded assembly
- Completed reload, in  0.964 seconds
Domain Reload Profiling:
	ReloadAssembly (964ms)
		BeginReloadAssembly (126ms)
			ExecutionOrderSort (0ms)
			DisableScriptedObjects (0ms)
			BackupInstance (0ms)
			ReleaseScriptingObjects (0ms)
			CreateAndSetChildDomain (1ms)
		EndReloadAssembly (716ms)
			LoadAssemblies (123ms)
			RebuildTransferFunctionScriptingTraits (0ms)
			SetupTypeCache (116ms)
			ReleaseScriptCaches (0ms)
			RebuildScriptCaches (28ms)
			SetupLoadedEditorAssemblies (520ms)
				LogAssemblyErrors (0ms)
				InitializePlatformSupportModulesInManaged (364ms)
				SetLoadedEditorAssemblies (0ms)
				RefreshPlugins (23ms)
				BeforeProcessingInitializeOnLoad (1ms)
				ProcessInitializeOnLoadAttributes (87ms)
				ProcessInitializeOnLoadMethodAttributes (44ms)
				AfterProcessingInitializeOnLoad (0ms)
				EditorAssembliesLoaded (0ms)
			ExecutionOrderSort2 (0ms)
			AwakeInstancesAfterBackupRestoration (0ms)
Platform modules already initialized, skipping
Registering precompiled user dll's ...
Registered in 0.004224 seconds.
Begin MonoManager ReloadAssembly
Native extension for WindowsStandalone target not found
Native extension for Android target not found
Refreshing native plugins compatible for Editor in 0.47 ms, found 3 plugins.
Preloading 0 native plugins for Editor in 0.00 ms.
Mono: successfully reloaded assembly
- Completed reload, in  1.134 seconds
Domain Reload Profiling:
	ReloadAssembly (1135ms)
		BeginReloadAssembly (153ms)
			ExecutionOrderSort (0ms)
			DisableScriptedObjects (8ms)
			BackupInstance (0ms)
			ReleaseScriptingObjects (0ms)
			CreateAndSetChildDomain (29ms)
		EndReloadAssembly (823ms)
			LoadAssemblies (98ms)
			RebuildTransferFunctionScriptingTraits (0ms)
			SetupTypeCache (230ms)
			ReleaseScriptCaches (1ms)
			RebuildScriptCaches (57ms)
			SetupLoadedEditorAssemblies (400ms)
				LogAssemblyErrors (0ms)
				InitializePlatformSupportModulesInManaged (29ms)
				SetLoadedEditorAssemblies (1ms)
				RefreshPlugins (1ms)
				BeforeProcessingInitializeOnLoad (67ms)
				ProcessInitializeOnLoadAttributes (270ms)
				ProcessInitializeOnLoadMethodAttributes (22ms)
				AfterProcessingInitializeOnLoad (10ms)
				EditorAssembliesLoaded (0ms)
			ExecutionOrderSort2 (0ms)
			AwakeInstancesAfterBackupRestoration (7ms)
Platform modules already initialized, skipping
========================================================================
Worker process is ready to serve import requests
Launched and connected shader compiler UnityShaderCompiler.exe after 0.12 seconds
Refreshing native plugins compatible for Editor in 0.49 ms, found 3 plugins.
Preloading 0 native plugins for Editor in 0.00 ms.
Unloading 1355 Unused Serialized files (Serialized files now loaded: 0)
Unloading 19 unused Assets / (56.2 KB). Loaded Objects now: 1824.
Memory consumption went from 62.7 MB to 62.7 MB.
Total: 6.602200 ms (FindLiveObjects: 0.172400 ms CreateObjectMapping: 0.093600 ms MarkObjects: 6.234200 ms  DeleteObjects: 0.100900 ms)

AssetImportParameters requested are different than current active one (requested -> active):
  custom:video-decoder-ogg-theora: a1e56fd34408186e4bbccfd4996cb3dc -> 
  custom:container-muxer-webm: aa71ff27fc2769a1b78a27578f13a17b -> 
  custom:container-demuxer-webm: 4f35f7cbe854078d1ac9338744f61a02 -> 
  custom:video-encoder-webm-vp8: eb34c28f22e8b96e1ab97ce403110664 -> 
  custom:audio-encoder-webm-vorbis: bf7c407c2cedff20999df2af8eb42d56 -> 
  custom:framework-win-MediaFoundation: 216162199b28c13a410421893ffa2e32 -> 
  custom:container-demuxer-ogg: 62fdf1f143b41e24485cea50d1cbac27 -> 
  custom:video-decoder-webm-vp8: 9c59270c3fd7afecdb556c50c9e8de78 -> 
  custom:audio-decoder-ogg-vorbis: bf7c407c2cedff20999df2af8eb42d56 -> 
========================================================================
Received Prepare
Registering precompiled user dll's ...
Registered in 0.003659 seconds.
Begin MonoManager ReloadAssembly
Native extension for WindowsStandalone target not found
Native extension for Android target not found
Refreshing native plugins compatible for Editor in 0.58 ms, found 3 plugins.
Preloading 0 native plugins for Editor in 0.00 ms.
Mono: successfully reloaded assembly
- Completed reload, in  1.039 seconds
Domain Reload Profiling:
	ReloadAssembly (1040ms)
		BeginReloadAssembly (174ms)
			ExecutionOrderSort (0ms)
			DisableScriptedObjects (7ms)
			BackupInstance (0ms)
			ReleaseScriptingObjects (0ms)
			CreateAndSetChildDomain (46ms)
		EndReloadAssembly (752ms)
			LoadAssemblies (103ms)
			RebuildTransferFunctionScriptingTraits (0ms)
			SetupTypeCache (198ms)
			ReleaseScriptCaches (1ms)
			RebuildScriptCaches (42ms)
			SetupLoadedEditorAssemblies (378ms)
				LogAssemblyErrors (0ms)
				InitializePlatformSupportModulesInManaged (29ms)
				SetLoadedEditorAssemblies (1ms)
				RefreshPlugins (1ms)
				BeforeProcessingInitializeOnLoad (72ms)
				ProcessInitializeOnLoadAttributes (240ms)
				ProcessInitializeOnLoadMethodAttributes (23ms)
				AfterProcessingInitializeOnLoad (12ms)
				EditorAssembliesLoaded (0ms)
			ExecutionOrderSort2 (0ms)
			AwakeInstancesAfterBackupRestoration (8ms)
Platform modules already initialized, skipping
Refreshing native plugins compatible for Editor in 1.61 ms, found 3 plugins.
Preloading 0 native plugins for Editor in 0.00 ms.
Unloading 1349 Unused Serialized files (Serialized files now loaded: 0)
Unloading 12 unused Assets / (24.6 KB). Loaded Objects now: 1827.
Memory consumption went from 62.4 MB to 62.4 MB.
Total: 3.241700 ms (FindLiveObjects: 0.178700 ms CreateObjectMapping: 0.114800 ms MarkObjects: 2.923000 ms  DeleteObjects: 0.024100 ms)

AssetImportParameters requested are different than current active one (requested -> active):
  custom:video-decoder-ogg-theora: a1e56fd34408186e4bbccfd4996cb3dc -> 
  custom:container-muxer-webm: aa71ff27fc2769a1b78a27578f13a17b -> 
  custom:container-demuxer-webm: 4f35f7cbe854078d1ac9338744f61a02 -> 
  custom:video-encoder-webm-vp8: eb34c28f22e8b96e1ab97ce403110664 -> 
  custom:audio-encoder-webm-vorbis: bf7c407c2cedff20999df2af8eb42d56 -> 
  custom:framework-win-MediaFoundation: 216162199b28c13a410421893ffa2e32 -> 
  custom:container-demuxer-ogg: 62fdf1f143b41e24485cea50d1cbac27 -> 
  custom:video-decoder-webm-vp8: 9c59270c3fd7afecdb556c50c9e8de78 -> 
  custom:audio-decoder-ogg-vorbis: bf7c407c2cedff20999df2af8eb42d56 -> 
========================================================================
Received Prepare
Registering precompiled user dll's ...
Registered in 0.003880 seconds.
Begin MonoManager ReloadAssembly
Native extension for WindowsStandalone target not found
Native extension for Android target not found
Refreshing native plugins compatible for Editor in 0.43 ms, found 3 plugins.
Preloading 0 native plugins for Editor in 0.00 ms.
Mono: successfully reloaded assembly
- Completed reload, in  1.025 seconds
Domain Reload Profiling:
	ReloadAssembly (1026ms)
		BeginReloadAssembly (136ms)
			ExecutionOrderSort (0ms)
			DisableScriptedObjects (6ms)
			BackupInstance (0ms)
			ReleaseScriptingObjects (0ms)
			CreateAndSetChildDomain (34ms)
		EndReloadAssembly (783ms)
			LoadAssemblies (76ms)
			RebuildTransferFunctionScriptingTraits (0ms)
			SetupTypeCache (196ms)
			ReleaseScriptCaches (1ms)
			RebuildScriptCaches (41ms)
			SetupLoadedEditorAssemblies (412ms)
				LogAssemblyErrors (0ms)
				InitializePlatformSupportModulesInManaged (43ms)
				SetLoadedEditorAssemblies (0ms)
				RefreshPlugins (1ms)
				BeforeProcessingInitializeOnLoad (57ms)
				ProcessInitializeOnLoadAttributes (267ms)
				ProcessInitializeOnLoadMethodAttributes (29ms)
				AfterProcessingInitializeOnLoad (14ms)
				EditorAssembliesLoaded (0ms)
			ExecutionOrderSort2 (0ms)
			AwakeInstancesAfterBackupRestoration (8ms)
Platform modules already initialized, skipping
Refreshing native plugins compatible for Editor in 1.96 ms, found 3 plugins.
Preloading 0 native plugins for Editor in 0.00 ms.
Unloading 1349 Unused Serialized files (Serialized files now loaded: 0)
Unloading 12 unused Assets / (24.7 KB). Loaded Objects now: 1830.
Memory consumption went from 62.3 MB to 62.3 MB.
Total: 2.552800 ms (FindLiveObjects: 0.129000 ms CreateObjectMapping: 0.060500 ms MarkObjects: 2.343800 ms  DeleteObjects: 0.018100 ms)

AssetImportParameters requested are different than current active one (requested -> active):
  custom:video-decoder-ogg-theora: a1e56fd34408186e4bbccfd4996cb3dc -> 
  custom:container-muxer-webm: aa71ff27fc2769a1b78a27578f13a17b -> 
  custom:container-demuxer-webm: 4f35f7cbe854078d1ac9338744f61a02 -> 
  custom:video-encoder-webm-vp8: eb34c28f22e8b96e1ab97ce403110664 -> 
  custom:audio-encoder-webm-vorbis: bf7c407c2cedff20999df2af8eb42d56 -> 
  custom:framework-win-MediaFoundation: 216162199b28c13a410421893ffa2e32 -> 
  custom:container-demuxer-ogg: 62fdf1f143b41e24485cea50d1cbac27 -> 
  custom:video-decoder-webm-vp8: 9c59270c3fd7afecdb556c50c9e8de78 -> 
  custom:audio-decoder-ogg-vorbis: bf7c407c2cedff20999df2af8eb42d56 -> 
========================================================================
Received Import Request.
  Time since last request: 3643.516191 seconds.
  path: Assets/UITemplates/BrickDataBaseWindow.uxml
  artifactKey: Guid(b943a135691904a498d5a57a1c80d325) Importer(815301076,1909f56bfc062723c751e8b465ee728b)
Start importing Assets/UITemplates/BrickDataBaseWindow.uxml using Guid(b943a135691904a498d5a57a1c80d325) Importer(815301076,1909f56bfc062723c751e8b465ee728b)  -> (artifact id: 'd5476f012057f6972fd815b3a0236c99') in 0.038878 seconds 
========================================================================
Received Import Request.
  Time since last request: 0.000021 seconds.
  path: Assets/UITemplates/template-button.uxml
  artifactKey: Guid(5e75bcd40ec162c468b0fedaf302820b) Importer(815301076,1909f56bfc062723c751e8b465ee728b)
Start importing Assets/UITemplates/template-button.uxml using Guid(5e75bcd40ec162c468b0fedaf302820b) Importer(815301076,1909f56bfc062723c751e8b465ee728b)  -> (artifact id: '0048a712114363f0211eb5698d10628f') in 0.009599 seconds 
========================================================================
Received Import Request.
  Time since last request: 0.000026 seconds.
  path: Assets/UITemplates/uiMernu.uxml
  artifactKey: Guid(3544565f800175640852a623a6971ddf) Importer(815301076,1909f56bfc062723c751e8b465ee728b)
Start importing Assets/UITemplates/uiMernu.uxml using Guid(3544565f800175640852a623a6971ddf) Importer(815301076,1909f56bfc062723c751e8b465ee728b)  -> (artifact id: 'ff44d1e45722b49f7605f1b1248c962b') in 0.011030 seconds 
========================================================================
Received Import Request.
  Time since last request: 1005.533515 seconds.
  path: Assets/Sound/2.mp3
  artifactKey: Guid(60e33bf3694db5540aaa7c015f3433c6) Importer(815301076,1909f56bfc062723c751e8b465ee728b)
Start importing Assets/Sound/2.mp3 using Guid(60e33bf3694db5540aaa7c015f3433c6) Importer(815301076,1909f56bfc062723c751e8b465ee728b)  -> (artifact id: '75d4d0404dff40f304667ebf92977dc0') in 0.105264 seconds 
========================================================================
Received Import Request.
  Time since last request: 0.000020 seconds.
  path: Assets/Sound/6.mp3
  artifactKey: Guid(8638d4b071a8603458b2e49e4e1304d5) Importer(815301076,1909f56bfc062723c751e8b465ee728b)
Start importing Assets/Sound/6.mp3 using Guid(8638d4b071a8603458b2e49e4e1304d5) Importer(815301076,1909f56bfc062723c751e8b465ee728b)  -> (artifact id: 'f04111cf2a89b2c9ec6c73a5005bfd16') in 0.020298 seconds 
========================================================================
Received Import Request.
  Time since last request: 0.000031 seconds.
  path: Assets/Sound/меню.mp3
  artifactKey: Guid(a475fe64d0dc3e448a7efb988c00148e) Importer(815301076,1909f56bfc062723c751e8b465ee728b)
Start importing Assets/Sound/меню.mp3 using Guid(a475fe64d0dc3e448a7efb988c00148e) Importer(815301076,1909f56bfc062723c751e8b465ee728b)  -> (artifact id: '40309efed374bb6e4d06c7c0f3914166') in 0.021861 seconds 
========================================================================
Received Import Request.
  Time since last request: 0.000025 seconds.
  path: Assets/Sound/4 1.mp3
  artifactKey: Guid(8f3e9583655f1624ab5837886be389cc) Importer(815301076,1909f56bfc062723c751e8b465ee728b)
Start importing Assets/Sound/4 1.mp3 using Guid(8f3e9583655f1624ab5837886be389cc) Importer(815301076,1909f56bfc062723c751e8b465ee728b)  -> (artifact id: '6320a9591666bda0b458f058e98ca910') in 0.019092 seconds 
========================================================================
Received Import Request.
  Time since last request: 0.000017 seconds.
  path: Assets/Sound/крокодил.mp3
  artifactKey: Guid(fbb1f09d8cdd7d74a90d5d02ced28ba9) Importer(815301076,1909f56bfc062723c751e8b465ee728b)
Start importing Assets/Sound/крокодил.mp3 using Guid(fbb1f09d8cdd7d74a90d5d02ced28ba9) Importer(815301076,1909f56bfc062723c751e8b465ee728b)  -> (artifact id: '884213b07276466d0e202bc044339894') in 0.019712 seconds 
========================================================================
Received Import Request.
  Time since last request: 0.000017 seconds.
  path: Assets/Sound/4.mp3
  artifactKey: Guid(3a72289f9b6e60b43aca75dd26f69be2) Importer(815301076,1909f56bfc062723c751e8b465ee728b)
Start importing Assets/Sound/4.mp3 using Guid(3a72289f9b6e60b43aca75dd26f69be2) Importer(815301076,1909f56bfc062723c751e8b465ee728b)  -> (artifact id: '7e1cf7c1daca83017fb72369af58009f') in 0.016588 seconds 
========================================================================
Received Import Request.
  Time since last request: 516.840131 seconds.
  path: Assets/Models/Bricks/Arch/arch 1x5x4(light grey).blend
  artifactKey: Guid(4b33ede2ea6a9b24cb011333c29f878f) Importer(815301076,1909f56bfc062723c751e8b465ee728b)
Start importing Assets/Models/Bricks/Arch/arch 1x5x4(light grey).blend using Guid(4b33ede2ea6a9b24cb011333c29f878f) Importer(815301076,1909f56bfc062723c751e8b465ee728b)  -> (artifact id: '7915765af848ec50b61cc2a64b8a46b0') in 0.207380 seconds 
========================================================================
Received Import Request.
  Time since last request: 0.464171 seconds.
  path: Assets/Models/Bricks/Brick/brick 1x2(light grey).blend
  artifactKey: Guid(50a41627d40c16a40a029987abdefa1f) Importer(815301076,1909f56bfc062723c751e8b465ee728b)
Start importing Assets/Models/Bricks/Brick/brick 1x2(light grey).blend using Guid(50a41627d40c16a40a029987abdefa1f) Importer(815301076,1909f56bfc062723c751e8b465ee728b)  -> (artifact id: '500c99c229e87191105ea48c9470ffd2') in 0.019370 seconds 
========================================================================
Received Import Request.
  Time since last request: 0.000016 seconds.
  path: Assets/Models/Bricks/Brick/brick 2x2(light grey).blend
  artifactKey: Guid(34b382248bf3c7a40a09fd117867b3a4) Importer(815301076,1909f56bfc062723c751e8b465ee728b)
Start importing Assets/Models/Bricks/Brick/brick 2x2(light grey).blend using Guid(34b382248bf3c7a40a09fd117867b3a4) Importer(815301076,1909f56bfc062723c751e8b465ee728b)  -> (artifact id: 'fa0d495e6b8812dc9777fe551a44b305') in 0.025538 seconds 
========================================================================
Received Import Request.
  Time since last request: 0.000015 seconds.
  path: Assets/Models/Bricks/Brick/brick with eye 1x1(light grey).blend
  artifactKey: Guid(e2f0dc263b4236944be0b128db6484f7) Importer(815301076,1909f56bfc062723c751e8b465ee728b)
Start importing Assets/Models/Bricks/Brick/brick with eye 1x1(light grey).blend using Guid(e2f0dc263b4236944be0b128db6484f7) Importer(815301076,1909f56bfc062723c751e8b465ee728b)  -> (artifact id: '4f931d3ed4a0fb4f31bfd08f1aaf181d') in 0.035135 seconds 
========================================================================
Received Import Request.
  Time since last request: 3.472041 seconds.
  path: Assets/Models/Bricks/Slope/slope brick 30 1x1(light grey).blend
  artifactKey: Guid(ac63739a02dd9824dab14572dae5a9c8) Importer(815301076,1909f56bfc062723c751e8b465ee728b)
Start importing Assets/Models/Bricks/Slope/slope brick 30 1x1(light grey).blend using Guid(ac63739a02dd9824dab14572dae5a9c8) Importer(815301076,1909f56bfc062723c751e8b465ee728b)  -> (artifact id: '10cbd3c27a046166e9b0a1e9f36288a5') in 0.019123 seconds 
========================================================================
Received Import Request.
  Time since last request: 0.000018 seconds.
  path: Assets/Models/Bricks/Slope/slope brick 45 inv 2x2.blend
  artifactKey: Guid(ed9ddd354d6304f4182afffcd2883751) Importer(815301076,1909f56bfc062723c751e8b465ee728b)
Start importing Assets/Models/Bricks/Slope/slope brick 45 inv 2x2.blend using Guid(ed9ddd354d6304f4182afffcd2883751) Importer(815301076,1909f56bfc062723c751e8b465ee728b)  -> (artifact id: 'be350653902eca50d5fd1c95290e5091') in 0.024244 seconds 
========================================================================
Received Import Request.
  Time since last request: 0.000017 seconds.
  path: Assets/Models/Bricks/Slope/slope brick 45 2x2(light grey).blend
  artifactKey: Guid(046facb7971b4e74f944802e8a8ab9a7) Importer(815301076,1909f56bfc062723c751e8b465ee728b)
Start importing Assets/Models/Bricks/Slope/slope brick 45 2x2(light grey).blend using Guid(046facb7971b4e74f944802e8a8ab9a7) Importer(815301076,1909f56bfc062723c751e8b465ee728b)  -> (artifact id: '146ec71f81f75518b6d4823a3a458eb9') in 0.024426 seconds 
========================================================================
Received Import Request.
  Time since last request: 1.899762 seconds.
  path: Assets/Models/Bricks/Plate/plate 2x2(light grey).blend
  artifactKey: Guid(e1932a595eea7a9499ce1520bcc2f973) Importer(815301076,1909f56bfc062723c751e8b465ee728b)
Start importing Assets/Models/Bricks/Plate/plate 2x2(light grey).blend using Guid(e1932a595eea7a9499ce1520bcc2f973) Importer(815301076,1909f56bfc062723c751e8b465ee728b)  -> (artifact id: '8b582e26ff0fff6c3c311fd02d57f033') in 0.018747 seconds 
========================================================================
Received Import Request.
  Time since last request: 0.000013 seconds.
  path: Assets/Models/Bricks/Plate/plate 2x10(light grey).blend
  artifactKey: Guid(0820fe144d582c549a2e9833d387e238) Importer(815301076,1909f56bfc062723c751e8b465ee728b)
Start importing Assets/Models/Bricks/Plate/plate 2x10(light grey).blend using Guid(0820fe144d582c549a2e9833d387e238) Importer(815301076,1909f56bfc062723c751e8b465ee728b)  -> (artifact id: '6df9fa7fd9e7526a73c49fe8bc93863d') in 0.023294 seconds 
========================================================================
Received Import Request.
  Time since last request: 0.000028 seconds.
  path: Assets/Models/Bricks/Plate/plate corner 2x2(light grey).blend
  artifactKey: Guid(9bfce1c0fb0a6ad438d6c9aeb5d581ad) Importer(815301076,1909f56bfc062723c751e8b465ee728b)
Start importing Assets/Models/Bricks/Plate/plate corner 2x2(light grey).blend using Guid(9bfce1c0fb0a6ad438d6c9aeb5d581ad) Importer(815301076,1909f56bfc062723c751e8b465ee728b)  -> (artifact id: 'de218ef5eddb0a4111af21b9c8514024') in 0.023626 seconds 
========================================================================
Received Import Request.
  Time since last request: 0.000022 seconds.
  path: Assets/Models/Bricks/Plate/plate 2x6(light grey).blend
  artifactKey: Guid(ecb774a5adbf3564585f2ad98b38e5bb) Importer(815301076,1909f56bfc062723c751e8b465ee728b)
Start importing Assets/Models/Bricks/Plate/plate 2x6(light grey).blend using Guid(ecb774a5adbf3564585f2ad98b38e5bb) Importer(815301076,1909f56bfc062723c751e8b465ee728b)  -> (artifact id: '06ac73925728f0881452705c7d76301a') in 0.022829 seconds 
========================================================================
Received Import Request.
  Time since last request: 1.314890 seconds.
  path: Assets/Models/Bricks/Plant/plant flower(light grey).blend
  artifactKey: Guid(7abe779fb4aa5d545a3e79796d0bf1af) Importer(815301076,1909f56bfc062723c751e8b465ee728b)
Start importing Assets/Models/Bricks/Plant/plant flower(light grey).blend using Guid(7abe779fb4aa5d545a3e79796d0bf1af) Importer(815301076,1909f56bfc062723c751e8b465ee728b)  -> (artifact id: '771fdfea59c81a00a577232b3c2eb40b') in 0.018206 seconds 
========================================================================
Received Import Request.
  Time since last request: 0.000015 seconds.
  path: Assets/Models/Bricks/Plant/plant leaves 4x3(light grey).blend
  artifactKey: Guid(44530bf4b0592664eaeb236efa2e12a3) Importer(815301076,1909f56bfc062723c751e8b465ee728b)
Start importing Assets/Models/Bricks/Plant/plant leaves 4x3(light grey).blend using Guid(44530bf4b0592664eaeb236efa2e12a3) Importer(815301076,1909f56bfc062723c751e8b465ee728b)  -> (artifact id: '927574adb86984da45179c17963eb795') in 0.025320 seconds 
