Using pre-set license
Built from '2021.3/staging' branch; Version is '2021.3.18f1 (3129e69bc0c7) revision 3221990'; Using compiler version '192829333'; Build Type 'Release'
OS: 'Windows 10  (10.0.19044) 64bit Professional' Language: 'ru' Physical Memory: 16316 MB
BatchMode: 1, IsHumanControllingUs: 0, StartBugReporterOnCrash: 0, Is64bit: 1, IsPro: 1

COMMAND LINE ARGUMENTS:
C:\Program Files\Unity\Hub\Editor\2021.3.18f1\Editor\Unity.exe
-adb2
-batchMode
-noUpm
-name
AssetImportWorker0
-projectPath
C:/Users/likip/OneDrive/Documents/Unity Projects/Legoteka
-logFile
Logs/AssetImportWorker0.log
-srvPort
55699
Successfully changed project path to: C:/Users/likip/OneDrive/Documents/Unity Projects/Legoteka
C:/Users/likip/OneDrive/Documents/Unity Projects/Legoteka
[UnityMemory] Configuration Parameters - Can be set up in boot.config
    "memorysetup-bucket-allocator-granularity=16"
    "memorysetup-bucket-allocator-bucket-count=8"
    "memorysetup-bucket-allocator-block-size=33554432"
    "memorysetup-bucket-allocator-block-count=8"
    "memorysetup-main-allocator-block-size=16777216"
    "memorysetup-thread-allocator-block-size=16777216"
    "memorysetup-gfx-main-allocator-block-size=16777216"
    "memorysetup-gfx-thread-allocator-block-size=16777216"
    "memorysetup-cache-allocator-block-size=4194304"
    "memorysetup-typetree-allocator-block-size=2097152"
    "memorysetup-profiler-bucket-allocator-granularity=16"
    "memorysetup-profiler-bucket-allocator-bucket-count=8"
    "memorysetup-profiler-bucket-allocator-block-size=33554432"
    "memorysetup-profiler-bucket-allocator-block-count=8"
    "memorysetup-profiler-allocator-block-size=16777216"
    "memorysetup-profiler-editor-allocator-block-size=1048576"
    "memorysetup-temp-allocator-size-main=16777216"
    "memorysetup-job-temp-allocator-block-size=2097152"
    "memorysetup-job-temp-allocator-block-size-background=1048576"
    "memorysetup-job-temp-allocator-reduction-small-platforms=262144"
    "memorysetup-temp-allocator-size-background-worker=32768"
    "memorysetup-temp-allocator-size-job-worker=262144"
    "memorysetup-temp-allocator-size-preload-manager=33554432"
    "memorysetup-temp-allocator-size-nav-mesh-worker=65536"
    "memorysetup-temp-allocator-size-audio-worker=65536"
    "memorysetup-temp-allocator-size-cloud-worker=32768"
    "memorysetup-temp-allocator-size-gi-baking-worker=262144"
    "memorysetup-temp-allocator-size-gfx=262144"
Player connection [7668] Host "[IP] 192.168.1.20 [Port] 0 [Flags] 2 [Guid] 1846620071 [EditorId] 1846620071 [Version] 1048832 [Id] WindowsEditor(7,likip-PC) [Debug] 1 [PackageName] WindowsEditor [ProjectName] Editor" joined multi-casting on [225.0.0.222:54997]...

Player connection [7668] Host "[IP] 192.168.1.20 [Port] 0 [Flags] 2 [Guid] 1846620071 [EditorId] 1846620071 [Version] 1048832 [Id] WindowsEditor(7,likip-PC) [Debug] 1 [PackageName] WindowsEditor [ProjectName] Editor" joined alternative multi-casting on [225.0.0.222:34997]...

Refreshing native plugins compatible for Editor in 24.96 ms, found 3 plugins.
Preloading 0 native plugins for Editor in 0.00 ms.
Initialize engine version: 2021.3.18f1 (3129e69bc0c7)
[Subsystems] Discovering subsystems at path C:/Program Files/Unity/Hub/Editor/2021.3.18f1/Editor/Data/Resources/UnitySubsystems
[Subsystems] Discovering subsystems at path C:/Users/likip/OneDrive/Documents/Unity Projects/Legoteka/Assets
GfxDevice: creating device client; threaded=0; jobified=0
Direct3D:
    Version:  Direct3D 11.0 [level 11.1]
    Renderer: NVIDIA GeForce RTX 2080 (ID=0x1e87)
    Vendor:   NVIDIA
    VRAM:     8001 MB
    Driver:   31.0.15.3118
Initialize mono
Mono path[0] = 'C:/Program Files/Unity/Hub/Editor/2021.3.18f1/Editor/Data/Managed'
Mono path[1] = 'C:/Program Files/Unity/Hub/Editor/2021.3.18f1/Editor/Data/MonoBleedingEdge/lib/mono/unityjit-win32'
Mono config path = 'C:/Program Files/Unity/Hub/Editor/2021.3.18f1/Editor/Data/MonoBleedingEdge/etc'
Using monoOptions --debugger-agent=transport=dt_socket,embedding=1,server=y,suspend=n,address=127.0.0.1:56340
Begin MonoManager ReloadAssembly
Registering precompiled unity dll's ...
Register platform support module: C:/Program Files/Unity/Hub/Editor/2021.3.18f1/Editor/Data/PlaybackEngines/AndroidPlayer/UnityEditor.Android.Extensions.dll
Register platform support module: C:/Program Files/Unity/Hub/Editor/2021.3.18f1/Editor/Data/PlaybackEngines/WindowsStandaloneSupport/UnityEditor.WindowsStandalone.Extensions.dll
Registered in 0.011361 seconds.
Native extension for WindowsStandalone target not found
Native extension for Android target not found
Android Extension - Scanning For ADB Devices 300 ms
Refreshing native plugins compatible for Editor in 22.71 ms, found 3 plugins.
Preloading 0 native plugins for Editor in 0.00 ms.
Mono: successfully reloaded assembly
- Completed reload, in  0.958 seconds
Domain Reload Profiling:
	ReloadAssembly (958ms)
		BeginReloadAssembly (126ms)
			ExecutionOrderSort (0ms)
			DisableScriptedObjects (0ms)
			BackupInstance (0ms)
			ReleaseScriptingObjects (0ms)
			CreateAndSetChildDomain (1ms)
		EndReloadAssembly (713ms)
			LoadAssemblies (122ms)
			RebuildTransferFunctionScriptingTraits (0ms)
			SetupTypeCache (118ms)
			ReleaseScriptCaches (0ms)
			RebuildScriptCaches (29ms)
			SetupLoadedEditorAssemblies (515ms)
				LogAssemblyErrors (0ms)
				InitializePlatformSupportModulesInManaged (365ms)
				SetLoadedEditorAssemblies (0ms)
				RefreshPlugins (23ms)
				BeforeProcessingInitializeOnLoad (1ms)
				ProcessInitializeOnLoadAttributes (85ms)
				ProcessInitializeOnLoadMethodAttributes (41ms)
				AfterProcessingInitializeOnLoad (0ms)
				EditorAssembliesLoaded (0ms)
			ExecutionOrderSort2 (0ms)
			AwakeInstancesAfterBackupRestoration (0ms)
Platform modules already initialized, skipping
Registering precompiled user dll's ...
Registered in 0.003593 seconds.
Begin MonoManager ReloadAssembly
Native extension for WindowsStandalone target not found
Native extension for Android target not found
Refreshing native plugins compatible for Editor in 0.34 ms, found 3 plugins.
Preloading 0 native plugins for Editor in 0.00 ms.
Mono: successfully reloaded assembly
- Completed reload, in  1.145 seconds
Domain Reload Profiling:
	ReloadAssembly (1146ms)
		BeginReloadAssembly (150ms)
			ExecutionOrderSort (0ms)
			DisableScriptedObjects (6ms)
			BackupInstance (0ms)
			ReleaseScriptingObjects (0ms)
			CreateAndSetChildDomain (29ms)
		EndReloadAssembly (835ms)
			LoadAssemblies (95ms)
			RebuildTransferFunctionScriptingTraits (0ms)
			SetupTypeCache (247ms)
			ReleaseScriptCaches (0ms)
			RebuildScriptCaches (57ms)
			SetupLoadedEditorAssemblies (389ms)
				LogAssemblyErrors (0ms)
				InitializePlatformSupportModulesInManaged (25ms)
				SetLoadedEditorAssemblies (1ms)
				RefreshPlugins (0ms)
				BeforeProcessingInitializeOnLoad (67ms)
				ProcessInitializeOnLoadAttributes (257ms)
				ProcessInitializeOnLoadMethodAttributes (25ms)
				AfterProcessingInitializeOnLoad (13ms)
				EditorAssembliesLoaded (0ms)
			ExecutionOrderSort2 (0ms)
			AwakeInstancesAfterBackupRestoration (7ms)
Platform modules already initialized, skipping
========================================================================
Worker process is ready to serve import requests
Launched and connected shader compiler UnityShaderCompiler.exe after 0.11 seconds
Refreshing native plugins compatible for Editor in 0.42 ms, found 3 plugins.
Preloading 0 native plugins for Editor in 0.00 ms.
Unloading 1355 Unused Serialized files (Serialized files now loaded: 0)
Unloading 19 unused Assets / (56.2 KB). Loaded Objects now: 1824.
Memory consumption went from 62.7 MB to 62.7 MB.
Total: 4.748300 ms (FindLiveObjects: 0.198800 ms CreateObjectMapping: 0.109900 ms MarkObjects: 4.337000 ms  DeleteObjects: 0.100900 ms)

AssetImportParameters requested are different than current active one (requested -> active):
  custom:video-decoder-ogg-theora: a1e56fd34408186e4bbccfd4996cb3dc -> 
  custom:container-muxer-webm: aa71ff27fc2769a1b78a27578f13a17b -> 
  custom:container-demuxer-webm: 4f35f7cbe854078d1ac9338744f61a02 -> 
  custom:video-encoder-webm-vp8: eb34c28f22e8b96e1ab97ce403110664 -> 
  custom:audio-encoder-webm-vorbis: bf7c407c2cedff20999df2af8eb42d56 -> 
  custom:framework-win-MediaFoundation: 216162199b28c13a410421893ffa2e32 -> 
  custom:container-demuxer-ogg: 62fdf1f143b41e24485cea50d1cbac27 -> 
  custom:video-decoder-webm-vp8: 9c59270c3fd7afecdb556c50c9e8de78 -> 
  custom:audio-decoder-ogg-vorbis: bf7c407c2cedff20999df2af8eb42d56 -> 
========================================================================
Received Import Request.
  Time since last request: 3060.592339 seconds.
  path: Assets
  artifactKey: Guid(00000000000000001000000000000000) Importer(815301076,1909f56bfc062723c751e8b465ee728b)
Start importing Assets using Guid(00000000000000001000000000000000) Importer(815301076,1909f56bfc062723c751e8b465ee728b)  -> (artifact id: '79842766b460edbeab6a34051e857a80') in 0.013925 seconds 
========================================================================
Received Prepare
Registering precompiled user dll's ...
Registered in 0.004163 seconds.
Begin MonoManager ReloadAssembly
Native extension for WindowsStandalone target not found
Native extension for Android target not found
Refreshing native plugins compatible for Editor in 0.35 ms, found 3 plugins.
Preloading 0 native plugins for Editor in 0.00 ms.
Mono: successfully reloaded assembly
- Completed reload, in  1.051 seconds
Domain Reload Profiling:
	ReloadAssembly (1052ms)
		BeginReloadAssembly (172ms)
			ExecutionOrderSort (0ms)
			DisableScriptedObjects (8ms)
			BackupInstance (0ms)
			ReleaseScriptingObjects (0ms)
			CreateAndSetChildDomain (47ms)
		EndReloadAssembly (766ms)
			LoadAssemblies (99ms)
			RebuildTransferFunctionScriptingTraits (0ms)
			SetupTypeCache (207ms)
			ReleaseScriptCaches (1ms)
			RebuildScriptCaches (49ms)
			SetupLoadedEditorAssemblies (375ms)
				LogAssemblyErrors (0ms)
				InitializePlatformSupportModulesInManaged (30ms)
				SetLoadedEditorAssemblies (0ms)
				RefreshPlugins (0ms)
				BeforeProcessingInitializeOnLoad (76ms)
				ProcessInitializeOnLoadAttributes (236ms)
				ProcessInitializeOnLoadMethodAttributes (21ms)
				AfterProcessingInitializeOnLoad (11ms)
				EditorAssembliesLoaded (0ms)
			ExecutionOrderSort2 (0ms)
			AwakeInstancesAfterBackupRestoration (8ms)
Platform modules already initialized, skipping
Refreshing native plugins compatible for Editor in 1.77 ms, found 3 plugins.
Preloading 0 native plugins for Editor in 0.00 ms.
Unloading 1349 Unused Serialized files (Serialized files now loaded: 0)
Unloading 12 unused Assets / (24.6 KB). Loaded Objects now: 1827.
Memory consumption went from 62.3 MB to 62.3 MB.
Total: 3.314100 ms (FindLiveObjects: 0.149300 ms CreateObjectMapping: 0.069400 ms MarkObjects: 3.066600 ms  DeleteObjects: 0.027700 ms)

AssetImportParameters requested are different than current active one (requested -> active):
  custom:video-decoder-ogg-theora: a1e56fd34408186e4bbccfd4996cb3dc -> 
  custom:container-muxer-webm: aa71ff27fc2769a1b78a27578f13a17b -> 
  custom:container-demuxer-webm: 4f35f7cbe854078d1ac9338744f61a02 -> 
  custom:video-encoder-webm-vp8: eb34c28f22e8b96e1ab97ce403110664 -> 
  custom:audio-encoder-webm-vorbis: bf7c407c2cedff20999df2af8eb42d56 -> 
  custom:framework-win-MediaFoundation: 216162199b28c13a410421893ffa2e32 -> 
  custom:container-demuxer-ogg: 62fdf1f143b41e24485cea50d1cbac27 -> 
  custom:video-decoder-webm-vp8: 9c59270c3fd7afecdb556c50c9e8de78 -> 
  custom:audio-decoder-ogg-vorbis: bf7c407c2cedff20999df2af8eb42d56 -> 
========================================================================
Received Prepare
Registering precompiled user dll's ...
Registered in 0.004275 seconds.
Begin MonoManager ReloadAssembly
Native extension for WindowsStandalone target not found
Native extension for Android target not found
Refreshing native plugins compatible for Editor in 0.35 ms, found 3 plugins.
Preloading 0 native plugins for Editor in 0.00 ms.
Mono: successfully reloaded assembly
- Completed reload, in  0.983 seconds
Domain Reload Profiling:
	ReloadAssembly (983ms)
		BeginReloadAssembly (131ms)
			ExecutionOrderSort (0ms)
			DisableScriptedObjects (7ms)
			BackupInstance (0ms)
			ReleaseScriptingObjects (0ms)
			CreateAndSetChildDomain (31ms)
		EndReloadAssembly (752ms)
			LoadAssemblies (77ms)
			RebuildTransferFunctionScriptingTraits (0ms)
			SetupTypeCache (183ms)
			ReleaseScriptCaches (1ms)
			RebuildScriptCaches (38ms)
			SetupLoadedEditorAssemblies (403ms)
				LogAssemblyErrors (0ms)
				InitializePlatformSupportModulesInManaged (33ms)
				SetLoadedEditorAssemblies (0ms)
				RefreshPlugins (0ms)
				BeforeProcessingInitializeOnLoad (69ms)
				ProcessInitializeOnLoadAttributes (250ms)
				ProcessInitializeOnLoadMethodAttributes (32ms)
				AfterProcessingInitializeOnLoad (18ms)
				EditorAssembliesLoaded (0ms)
			ExecutionOrderSort2 (0ms)
			AwakeInstancesAfterBackupRestoration (10ms)
Platform modules already initialized, skipping
Refreshing native plugins compatible for Editor in 2.16 ms, found 3 plugins.
Preloading 0 native plugins for Editor in 0.00 ms.
Unloading 1349 Unused Serialized files (Serialized files now loaded: 0)
Unloading 12 unused Assets / (24.6 KB). Loaded Objects now: 1830.
Memory consumption went from 62.4 MB to 62.3 MB.
Total: 3.745300 ms (FindLiveObjects: 0.148400 ms CreateObjectMapping: 0.106000 ms MarkObjects: 3.458300 ms  DeleteObjects: 0.031400 ms)

AssetImportParameters requested are different than current active one (requested -> active):
  custom:video-decoder-ogg-theora: a1e56fd34408186e4bbccfd4996cb3dc -> 
  custom:container-muxer-webm: aa71ff27fc2769a1b78a27578f13a17b -> 
  custom:container-demuxer-webm: 4f35f7cbe854078d1ac9338744f61a02 -> 
  custom:video-encoder-webm-vp8: eb34c28f22e8b96e1ab97ce403110664 -> 
  custom:audio-encoder-webm-vorbis: bf7c407c2cedff20999df2af8eb42d56 -> 
  custom:framework-win-MediaFoundation: 216162199b28c13a410421893ffa2e32 -> 
  custom:container-demuxer-ogg: 62fdf1f143b41e24485cea50d1cbac27 -> 
  custom:video-decoder-webm-vp8: 9c59270c3fd7afecdb556c50c9e8de78 -> 
  custom:audio-decoder-ogg-vorbis: bf7c407c2cedff20999df2af8eb42d56 -> 
========================================================================
Received Import Request.
  Time since last request: 582.843014 seconds.
  path: Assets/UITemplates
  artifactKey: Guid(60c61117d4b7d614fa409935da09aa3c) Importer(815301076,1909f56bfc062723c751e8b465ee728b)
Start importing Assets/UITemplates using Guid(60c61117d4b7d614fa409935da09aa3c) Importer(815301076,1909f56bfc062723c751e8b465ee728b)  -> (artifact id: '3f607a6e22e6d2173bc3ec28a31bd816') in 0.008974 seconds 
========================================================================
Received Import Request.
  Time since last request: 0.050891 seconds.
  path: Assets/UITemplates/BrickDataBaseWindow.uss
  artifactKey: Guid(c1796da2d9d730b43b745e59d19808e2) Importer(815301076,1909f56bfc062723c751e8b465ee728b)
Start importing Assets/UITemplates/BrickDataBaseWindow.uss using Guid(c1796da2d9d730b43b745e59d19808e2) Importer(815301076,1909f56bfc062723c751e8b465ee728b)  -> (artifact id: '2fc61a9f98a629e40c82d98675b41bab') in 0.039296 seconds 
========================================================================
Received Import Request.
  Time since last request: 0.000027 seconds.
  path: Assets/UITemplates/template-expanded-button.uxml
  artifactKey: Guid(679a59e0ef252b9429cbc9d2ccf9b088) Importer(815301076,1909f56bfc062723c751e8b465ee728b)
Start importing Assets/UITemplates/template-expanded-button.uxml using Guid(679a59e0ef252b9429cbc9d2ccf9b088) Importer(815301076,1909f56bfc062723c751e8b465ee728b)  -> (artifact id: '66b5134f8081c5c65f4c386a8ec8824b') in 0.015657 seconds 
========================================================================
Received Import Request.
  Time since last request: 0.000019 seconds.
  path: Assets/UITemplates/uiInfo.uxml
  artifactKey: Guid(914f8cff6ec046f4fa861d62b86caa62) Importer(815301076,1909f56bfc062723c751e8b465ee728b)
Start importing Assets/UITemplates/uiInfo.uxml using Guid(914f8cff6ec046f4fa861d62b86caa62) Importer(815301076,1909f56bfc062723c751e8b465ee728b)  -> (artifact id: '40f9d654d9bd84270ad63cbeae3ef1ca') in 0.010680 seconds 
========================================================================
Received Import Request.
  Time since last request: 121.061643 seconds.
  path: Assets/Editor
  artifactKey: Guid(096c77a69c53e0546ba79c9582f468b2) Importer(815301076,1909f56bfc062723c751e8b465ee728b)
Start importing Assets/Editor using Guid(096c77a69c53e0546ba79c9582f468b2) Importer(815301076,1909f56bfc062723c751e8b465ee728b)  -> (artifact id: '94c4f5ac0a67688ca25d649c75d00fad') in 0.007179 seconds 
========================================================================
Received Import Request.
  Time since last request: 1.302675 seconds.
  path: Assets/Bricks
  artifactKey: Guid(eea1bd42f63d41b478720f93ac1bacc2) Importer(815301076,1909f56bfc062723c751e8b465ee728b)
Start importing Assets/Bricks using Guid(eea1bd42f63d41b478720f93ac1bacc2) Importer(815301076,1909f56bfc062723c751e8b465ee728b)  -> (artifact id: 'b2a161c68753b82c98d2da8c5c701bce') in 0.007467 seconds 
========================================================================
Received Import Request.
  Time since last request: 0.818204 seconds.
  path: Assets/Images
  artifactKey: Guid(f464b59e089bc694c8686e45368d9ee5) Importer(815301076,1909f56bfc062723c751e8b465ee728b)
Start importing Assets/Images using Guid(f464b59e089bc694c8686e45368d9ee5) Importer(815301076,1909f56bfc062723c751e8b465ee728b)  -> (artifact id: '91041aa0e0c2753a54c8b40cb4441d3c') in 0.007145 seconds 
========================================================================
Received Import Request.
  Time since last request: 8.195323 seconds.
  path: Assets/Scenes
  artifactKey: Guid(768d09518da472449b6518bdd382a1a6) Importer(815301076,1909f56bfc062723c751e8b465ee728b)
Start importing Assets/Scenes using Guid(768d09518da472449b6518bdd382a1a6) Importer(815301076,1909f56bfc062723c751e8b465ee728b)  -> (artifact id: '1e26f97ef0ef0e7d2a34255c472e2903') in 0.006802 seconds 
========================================================================
Received Import Request.
  Time since last request: 4.437032 seconds.
  path: Assets/Scripts
  artifactKey: Guid(bb4cd3555964e7b4197effd682ca72ff) Importer(815301076,1909f56bfc062723c751e8b465ee728b)
Start importing Assets/Scripts using Guid(bb4cd3555964e7b4197effd682ca72ff) Importer(815301076,1909f56bfc062723c751e8b465ee728b)  -> (artifact id: '1ab641d42dbe30bd75593eed81b3b091') in 0.006916 seconds 
========================================================================
Received Import Request.
  Time since last request: 1.216228 seconds.
  path: Assets/Scripts/Database
  artifactKey: Guid(3ef24d3c724861542a920d787831be22) Importer(815301076,1909f56bfc062723c751e8b465ee728b)
Start importing Assets/Scripts/Database using Guid(3ef24d3c724861542a920d787831be22) Importer(815301076,1909f56bfc062723c751e8b465ee728b)  -> (artifact id: '5f6083b6b078fe208f340bdbe53588a6') in 0.006746 seconds 
========================================================================
Received Import Request.
  Time since last request: 1.303609 seconds.
  path: Assets/Scripts/Database/DragUI.cs
  artifactKey: Guid(6c686455060a7df45ac82e24ddb8e564) Importer(815301076,1909f56bfc062723c751e8b465ee728b)
Start importing Assets/Scripts/Database/DragUI.cs using Guid(6c686455060a7df45ac82e24ddb8e564) Importer(815301076,1909f56bfc062723c751e8b465ee728b)  -> (artifact id: '48c20fb6194b948d7da373bba131167a') in 0.005178 seconds 
========================================================================
Received Import Request.
  Time since last request: 54.994771 seconds.
  path: ProjectSettings/TagManager.asset
  artifactKey: Guid(00000000000000003000000000000000) Importer(815301076,1909f56bfc062723c751e8b465ee728b)
Start importing ProjectSettings/TagManager.asset using Guid(00000000000000003000000000000000) Importer(815301076,1909f56bfc062723c751e8b465ee728b)  -> (artifact id: '965a0936c1e913af00abd70762699d6f') in 0.004582 seconds 
========================================================================
Received Import Request.
  Time since last request: 136.886745 seconds.
  path: Assets/UI Toolkit
  artifactKey: Guid(87c7cb160072f8046a413c7e396aad4c) Importer(815301076,1909f56bfc062723c751e8b465ee728b)
Start importing Assets/UI Toolkit using Guid(87c7cb160072f8046a413c7e396aad4c) Importer(815301076,1909f56bfc062723c751e8b465ee728b)  -> (artifact id: '76ec329caf2051e965f62c454656ef04') in 0.007427 seconds 
========================================================================
Received Import Request.
  Time since last request: 0.070280 seconds.
  path: Assets/UI Toolkit/PanelSettings.asset
  artifactKey: Guid(e03eae522cb2c324691e415cb69ea800) Importer(815301076,1909f56bfc062723c751e8b465ee728b)
Start importing Assets/UI Toolkit/PanelSettings.asset using Guid(e03eae522cb2c324691e415cb69ea800) Importer(815301076,1909f56bfc062723c751e8b465ee728b)  -> (artifact id: 'cfd705f368a2e7800ad82bab1ad4f19d') in 0.020761 seconds 
========================================================================
Received Import Request.
  Time since last request: 71.277149 seconds.
  path: Assets/Scenes/Test
  artifactKey: Guid(1735806154d121a419d75d38a21cadf3) Importer(815301076,1909f56bfc062723c751e8b465ee728b)
Start importing Assets/Scenes/Test using Guid(1735806154d121a419d75d38a21cadf3) Importer(815301076,1909f56bfc062723c751e8b465ee728b)  -> (artifact id: '1762b2c661350ab6d7d3714b756ea8ad') in 0.007147 seconds 
========================================================================
Received Import Request.
  Time since last request: 11.701911 seconds.
  path: Assets/Scenes/Test/SampleScene.unity
  artifactKey: Guid(67b39cf0d9634524ba278cd8b85ef2f6) Importer(815301076,1909f56bfc062723c751e8b465ee728b)
Start importing Assets/Scenes/Test/SampleScene.unity using Guid(67b39cf0d9634524ba278cd8b85ef2f6) Importer(815301076,1909f56bfc062723c751e8b465ee728b)  -> (artifact id: '0f548ec431c7bb0be17a739459035855') in 0.008060 seconds 
========================================================================
Received Import Request.
  Time since last request: 19.105405 seconds.
  path: Assets/Scripts/ObjectPreview
  artifactKey: Guid(5c8744d2fed6ce84a843962d93a1045c) Importer(815301076,1909f56bfc062723c751e8b465ee728b)
Start importing Assets/Scripts/ObjectPreview using Guid(5c8744d2fed6ce84a843962d93a1045c) Importer(815301076,1909f56bfc062723c751e8b465ee728b)  -> (artifact id: '3fc7ca982d66f3a8d61fc462969bb820') in 0.007471 seconds 
========================================================================
Received Import Request.
  Time since last request: 0.079898 seconds.
  path: Assets/Scripts/ObjectPreview/ObjectPreviewRenderer.prefab
  artifactKey: Guid(1d6b5125586ca01438cfae10b0d887a5) Importer(815301076,1909f56bfc062723c751e8b465ee728b)
Start importing Assets/Scripts/ObjectPreview/ObjectPreviewRenderer.prefab using Guid(1d6b5125586ca01438cfae10b0d887a5) Importer(815301076,1909f56bfc062723c751e8b465ee728b)  -> (artifact id: 'b58ffabc522f34279a284389a690f101') in 0.019842 seconds 
========================================================================
Received Import Request.
  Time since last request: 35.606435 seconds.
  path: Assets/Scripts/ObjectPreview/ObjectRenderTask.cs
  artifactKey: Guid(9fd2b71b9341ba94da5341a5df5ed4e6) Importer(815301076,1909f56bfc062723c751e8b465ee728b)
Start importing Assets/Scripts/ObjectPreview/ObjectRenderTask.cs using Guid(9fd2b71b9341ba94da5341a5df5ed4e6) Importer(815301076,1909f56bfc062723c751e8b465ee728b)  -> (artifact id: '2d9309b7d1d18b07929f2bb6e6eb70d0') in 0.007993 seconds 
========================================================================
Received Import Request.
  Time since last request: 1.085989 seconds.
  path: Assets/Scripts/ObjectPreview/ObjectPreviewRenderer.cs
  artifactKey: Guid(1e2144a0c80465542a3ef8a91d19ba90) Importer(815301076,1909f56bfc062723c751e8b465ee728b)
Start importing Assets/Scripts/ObjectPreview/ObjectPreviewRenderer.cs using Guid(1e2144a0c80465542a3ef8a91d19ba90) Importer(815301076,1909f56bfc062723c751e8b465ee728b)  -> (artifact id: 'a59ed799a275fd78e66ae56fe2ee8b88') in 0.002740 seconds 
========================================================================
Received Import Request.
  Time since last request: 5.795411 seconds.
  path: Assets/Scripts/ObjectPreview/ObjectPreviewRenderer.prefab
  artifactKey: Guid(1d6b5125586ca01438cfae10b0d887a5) Importer(815301076,1909f56bfc062723c751e8b465ee728b)
Start importing Assets/Scripts/ObjectPreview/ObjectPreviewRenderer.prefab using Guid(1d6b5125586ca01438cfae10b0d887a5) Importer(815301076,1909f56bfc062723c751e8b465ee728b)  -> (artifact id: '760c2d9c41dfdce501b38e4c1732bb70') in 0.003945 seconds 
========================================================================
Received Import Request.
  Time since last request: 7.257656 seconds.
  path: Assets/Scripts/ObjectPreview/ObjectPreviewRenderer.prefab
  artifactKey: Guid(1d6b5125586ca01438cfae10b0d887a5) Importer(815301076,1909f56bfc062723c751e8b465ee728b)
Start importing Assets/Scripts/ObjectPreview/ObjectPreviewRenderer.prefab using Guid(1d6b5125586ca01438cfae10b0d887a5) Importer(815301076,1909f56bfc062723c751e8b465ee728b)  -> (artifact id: 'fabbe413c239a6953683eefae16009fa') in 0.003695 seconds 
========================================================================
Received Import Request.
  Time since last request: 2.286041 seconds.
  path: Assets/Scripts/ObjectPreview/ObjectPreviewRenderer.prefab
  artifactKey: Guid(1d6b5125586ca01438cfae10b0d887a5) Importer(815301076,1909f56bfc062723c751e8b465ee728b)
Start importing Assets/Scripts/ObjectPreview/ObjectPreviewRenderer.prefab using Guid(1d6b5125586ca01438cfae10b0d887a5) Importer(815301076,1909f56bfc062723c751e8b465ee728b)  -> (artifact id: '017c3bb6e05d40c7f7202e6eac9f7392') in 0.004875 seconds 
========================================================================
Received Import Request.
  Time since last request: 219.301216 seconds.
  path: Assets/UITemplates/uiMenu.uxml
  artifactKey: Guid(3544565f800175640852a623a6971ddf) Importer(815301076,1909f56bfc062723c751e8b465ee728b)
Start importing Assets/UITemplates/uiMenu.uxml using Guid(3544565f800175640852a623a6971ddf) Importer(815301076,1909f56bfc062723c751e8b465ee728b)  -> (artifact id: '0e6099363a455559b688cedde336dcc4') in 0.010866 seconds 
========================================================================
Received Import Request.
  Time since last request: 301.465812 seconds.
  path: Assets/Sound
  artifactKey: Guid(804d3948a341dae42bedf5c12546a3fd) Importer(815301076,1909f56bfc062723c751e8b465ee728b)
Start importing Assets/Sound using Guid(804d3948a341dae42bedf5c12546a3fd) Importer(815301076,1909f56bfc062723c751e8b465ee728b)  -> (artifact id: 'bc48702a90404d062da79b9551d24e2d') in 0.009384 seconds 
========================================================================
Received Import Request.
  Time since last request: 0.069140 seconds.
  path: Assets/Sound/1.mp3
  artifactKey: Guid(eed26c4fa0bd25a448598cc38fce9c79) Importer(815301076,1909f56bfc062723c751e8b465ee728b)
Start importing Assets/Sound/1.mp3 using Guid(eed26c4fa0bd25a448598cc38fce9c79) Importer(815301076,1909f56bfc062723c751e8b465ee728b)  -> (artifact id: '7f55875f8db309db25346e06b6937361') in 0.109143 seconds 
========================================================================
Received Import Request.
  Time since last request: 0.000023 seconds.
  path: Assets/Sound/лошадка.mp3
  artifactKey: Guid(cb254d582ae8d2945aae023a50bf4e13) Importer(815301076,1909f56bfc062723c751e8b465ee728b)
Start importing Assets/Sound/лошадка.mp3 using Guid(cb254d582ae8d2945aae023a50bf4e13) Importer(815301076,1909f56bfc062723c751e8b465ee728b)  -> (artifact id: '5e6eb10e5d199fbe58ab289a36b8a63b') in 0.022034 seconds 
========================================================================
Received Import Request.
  Time since last request: 0.000033 seconds.
  path: Assets/Sound/3.mp3
  artifactKey: Guid(f2a2050490fb14a43972b388b51f8fe0) Importer(815301076,1909f56bfc062723c751e8b465ee728b)
Start importing Assets/Sound/3.mp3 using Guid(f2a2050490fb14a43972b388b51f8fe0) Importer(815301076,1909f56bfc062723c751e8b465ee728b)  -> (artifact id: '70435d7a86f0327596441c12fb84ba12') in 0.023588 seconds 
========================================================================
Received Import Request.
  Time since last request: 0.000034 seconds.
  path: Assets/Sound/Звук нажатия в меню 1.mp3
  artifactKey: Guid(4f89e54adff680043a369fc718f3c17a) Importer(815301076,1909f56bfc062723c751e8b465ee728b)
Start importing Assets/Sound/Звук нажатия в меню 1.mp3 using Guid(4f89e54adff680043a369fc718f3c17a) Importer(815301076,1909f56bfc062723c751e8b465ee728b)  -> (artifact id: '0d26146cab058c6dd56a74db50edb1e5') in 0.017304 seconds 
========================================================================
Received Import Request.
  Time since last request: 0.000018 seconds.
  path: Assets/Sound/Звук ошибки 1.mp3
  artifactKey: Guid(ef8f81f6ee54a844db0c8757d755861b) Importer(815301076,1909f56bfc062723c751e8b465ee728b)
Start importing Assets/Sound/Звук ошибки 1.mp3 using Guid(ef8f81f6ee54a844db0c8757d755861b) Importer(815301076,1909f56bfc062723c751e8b465ee728b)  -> (artifact id: '026bb0dc4e21148dcf853e0509881d11') in 0.016993 seconds 
========================================================================
Received Import Request.
  Time since last request: 0.000019 seconds.
  path: Assets/Sound/жираф.mp3
  artifactKey: Guid(794f8d036539ecb4887d6d30d7923cce) Importer(815301076,1909f56bfc062723c751e8b465ee728b)
Start importing Assets/Sound/жираф.mp3 using Guid(794f8d036539ecb4887d6d30d7923cce) Importer(815301076,1909f56bfc062723c751e8b465ee728b)  -> (artifact id: '13a5b1c88a50c860acb959b651476df1') in 0.016188 seconds 
========================================================================
Received Import Request.
  Time since last request: 276.408215 seconds.
  path: Assets/Models
  artifactKey: Guid(bb806c15afe470649b7d18e4d14869b0) Importer(815301076,1909f56bfc062723c751e8b465ee728b)
Start importing Assets/Models using Guid(bb806c15afe470649b7d18e4d14869b0) Importer(815301076,1909f56bfc062723c751e8b465ee728b)  -> (artifact id: '4c6f613697d728581b6146ee5c4b4656') in 0.009352 seconds 
========================================================================
Received Import Request.
  Time since last request: 240.421973 seconds.
  path: Assets/Models/Bricks/Arch/arch 1x3x3(light grey).blend
  artifactKey: Guid(66c83eac559ea474b82be4b84dc87175) Importer(815301076,1909f56bfc062723c751e8b465ee728b)
Start importing Assets/Models/Bricks/Arch/arch 1x3x3(light grey).blend using Guid(66c83eac559ea474b82be4b84dc87175) Importer(815301076,1909f56bfc062723c751e8b465ee728b)  -> (artifact id: '65ec36c91174ecca949ad279067171ff') in 0.208870 seconds 
========================================================================
Received Import Request.
  Time since last request: 0.463745 seconds.
  path: Assets/Models/Bricks/Brick/brick 1x1(light grey).blend
  artifactKey: Guid(0c0f774e28de4db4694d759206a1928c) Importer(815301076,1909f56bfc062723c751e8b465ee728b)
Start importing Assets/Models/Bricks/Brick/brick 1x1(light grey).blend using Guid(0c0f774e28de4db4694d759206a1928c) Importer(815301076,1909f56bfc062723c751e8b465ee728b)  -> (artifact id: '88a739eeb82197e105c83d2bdd3b82f2') in 0.019433 seconds 
========================================================================
Received Import Request.
  Time since last request: 0.000019 seconds.
  path: Assets/Models/Bricks/Brick/brick 2x3(light grey).blend
  artifactKey: Guid(df9aa90d0191f414b809aff25553ea2a) Importer(815301076,1909f56bfc062723c751e8b465ee728b)
Start importing Assets/Models/Bricks/Brick/brick 2x3(light grey).blend using Guid(df9aa90d0191f414b809aff25553ea2a) Importer(815301076,1909f56bfc062723c751e8b465ee728b)  -> (artifact id: '7836f26b24d3a06e2ad7079ab2486bdb') in 0.025444 seconds 
========================================================================
Received Import Request.
  Time since last request: 0.000016 seconds.
  path: Assets/Models/Bricks/Brick/brick 2x4(light grey).blend
  artifactKey: Guid(d250d1e3302c8c8478541e37c40279b7) Importer(815301076,1909f56bfc062723c751e8b465ee728b)
Start importing Assets/Models/Bricks/Brick/brick 2x4(light grey).blend using Guid(d250d1e3302c8c8478541e37c40279b7) Importer(815301076,1909f56bfc062723c751e8b465ee728b)  -> (artifact id: 'd29a6ad9d5c647b6293f4cb350539cd0') in 0.023231 seconds 
========================================================================
Received Import Request.
  Time since last request: 3.484114 seconds.
  path: Assets/Models/Bricks/Slope/slope brick 25 2x3(light grey).blend
  artifactKey: Guid(f24d3484a377ca245b2c4dd5232f6142) Importer(815301076,1909f56bfc062723c751e8b465ee728b)
Start importing Assets/Models/Bricks/Slope/slope brick 25 2x3(light grey).blend using Guid(f24d3484a377ca245b2c4dd5232f6142) Importer(815301076,1909f56bfc062723c751e8b465ee728b)  -> (artifact id: '9566965f747018dbdbca16fe3d08c718') in 0.019783 seconds 
========================================================================
Received Import Request.
  Time since last request: 0.000020 seconds.
  path: Assets/Models/Bricks/Slope/slope brick 45 1x2(light grey).blend
  artifactKey: Guid(9c2d5505f18f63744bd7dc5c0a3c8763) Importer(815301076,1909f56bfc062723c751e8b465ee728b)
Start importing Assets/Models/Bricks/Slope/slope brick 45 1x2(light grey).blend using Guid(9c2d5505f18f63744bd7dc5c0a3c8763) Importer(815301076,1909f56bfc062723c751e8b465ee728b)  -> (artifact id: '2c16d101e7eb39cc0a1b6ef1a6ba7e37') in 0.024179 seconds 
========================================================================
Received Import Request.
  Time since last request: 0.000018 seconds.
  path: Assets/Models/Bricks/Slope/slope brick 45 inv 1x2(light grey).blend
  artifactKey: Guid(4668a46ffe633e642bedd0f136b26955) Importer(815301076,1909f56bfc062723c751e8b465ee728b)
Start importing Assets/Models/Bricks/Slope/slope brick 45 inv 1x2(light grey).blend using Guid(4668a46ffe633e642bedd0f136b26955) Importer(815301076,1909f56bfc062723c751e8b465ee728b)  -> (artifact id: 'a47cf2fecdd0218e9ca7be71814cd368') in 0.024676 seconds 
========================================================================
Received Import Request.
  Time since last request: 1.899604 seconds.
  path: Assets/Models/Bricks/Plate/plate 1x1(light grey).blend
  artifactKey: Guid(97f5708cb10e05941860022860be7569) Importer(815301076,1909f56bfc062723c751e8b465ee728b)
Start importing Assets/Models/Bricks/Plate/plate 1x1(light grey).blend using Guid(97f5708cb10e05941860022860be7569) Importer(815301076,1909f56bfc062723c751e8b465ee728b)  -> (artifact id: '5dbc1e1bd2e507320fc80b6b63d99671') in 0.018706 seconds 
========================================================================
Received Import Request.
  Time since last request: 0.000020 seconds.
  path: Assets/Models/Bricks/Plate/plate 2x3(light grey).blend
  artifactKey: Guid(db5a76bbba2249240be327864a500b8b) Importer(815301076,1909f56bfc062723c751e8b465ee728b)
Start importing Assets/Models/Bricks/Plate/plate 2x3(light grey).blend using Guid(db5a76bbba2249240be327864a500b8b) Importer(815301076,1909f56bfc062723c751e8b465ee728b)  -> (artifact id: '613187f40aecd1b655f2570c9aae67a6') in 0.023794 seconds 
========================================================================
Received Import Request.
  Time since last request: 0.000019 seconds.
  path: Assets/Models/Bricks/Plate/plate 2x4(light grey).blend
  artifactKey: Guid(43281bc0a09a0ea4c837723eb505cd62) Importer(815301076,1909f56bfc062723c751e8b465ee728b)
Start importing Assets/Models/Bricks/Plate/plate 2x4(light grey).blend using Guid(43281bc0a09a0ea4c837723eb505cd62) Importer(815301076,1909f56bfc062723c751e8b465ee728b)  -> (artifact id: 'df063c79732dcfb26d87747c4d2f8684') in 0.023054 seconds 
========================================================================
Received Import Request.
  Time since last request: 0.000026 seconds.
  path: Assets/Models/Bricks/Plate/plate round 1x1(light grey).blend
  artifactKey: Guid(4ceb6afbdeb32174b8c7f7ef86690cb7) Importer(815301076,1909f56bfc062723c751e8b465ee728b)
Start importing Assets/Models/Bricks/Plate/plate round 1x1(light grey).blend using Guid(4ceb6afbdeb32174b8c7f7ef86690cb7) Importer(815301076,1909f56bfc062723c751e8b465ee728b)  -> (artifact id: 'f7d28af06af6bed1c5fd576e68c969b3') in 0.024404 seconds 
========================================================================
Received Import Request.
  Time since last request: 1.314171 seconds.
  path: Assets/Models/Bricks/Plant/plant flower stem(light grey).blend
  artifactKey: Guid(c2b44b25ee1569d4bb85c2e8b51de950) Importer(815301076,1909f56bfc062723c751e8b465ee728b)
Start importing Assets/Models/Bricks/Plant/plant flower stem(light grey).blend using Guid(c2b44b25ee1569d4bb85c2e8b51de950) Importer(815301076,1909f56bfc062723c751e8b465ee728b)  -> (artifact id: 'f41c43417ddce70d11f587eec5a2fcd6') in 0.019013 seconds 
========================================================================
Received Import Request.
  Time since last request: 0.000016 seconds.
  path: Assets/Models/Bricks/Plant/plant leaves 6x5(light grey).blend
  artifactKey: Guid(a2ef1c1bf7d6c964db3d70b9af7b00c5) Importer(815301076,1909f56bfc062723c751e8b465ee728b)
Start importing Assets/Models/Bricks/Plant/plant leaves 6x5(light grey).blend using Guid(a2ef1c1bf7d6c964db3d70b9af7b00c5) Importer(815301076,1909f56bfc062723c751e8b465ee728b)  -> (artifact id: '8b1eab56d3648a5d39f744af0e68e9e4') in 0.025442 seconds 
========================================================================
Received Import Request.
  Time since last request: 318.290633 seconds.
  path: Assets/Models/Bricks/Plant
  artifactKey: Guid(19ffd943e80b7f34fb254ac684b5190e) Importer(815301076,1909f56bfc062723c751e8b465ee728b)
Start importing Assets/Models/Bricks/Plant using Guid(19ffd943e80b7f34fb254ac684b5190e) Importer(815301076,1909f56bfc062723c751e8b465ee728b)  -> (artifact id: '49e05e7cf80a6cb03fd70ad907f76861') in 0.068832 seconds 
========================================================================
Received Import Request.
  Time since last request: 1.811264 seconds.
  path: Assets/Models/Bricks/Arch
  artifactKey: Guid(0817dda8ef0273144b7cb59a5974a152) Importer(815301076,1909f56bfc062723c751e8b465ee728b)
Start importing Assets/Models/Bricks/Arch using Guid(0817dda8ef0273144b7cb59a5974a152) Importer(815301076,1909f56bfc062723c751e8b465ee728b)  -> (artifact id: 'cf4511176c38b146bb19d7144d38e97e') in 0.007576 seconds 
========================================================================
Received Import Request.
  Time since last request: 4.410371 seconds.
  path: Assets/Models/Bricks/Slope
  artifactKey: Guid(f5d41befe071ff7479632494ef3eb959) Importer(815301076,1909f56bfc062723c751e8b465ee728b)
Start importing Assets/Models/Bricks/Slope using Guid(f5d41befe071ff7479632494ef3eb959) Importer(815301076,1909f56bfc062723c751e8b465ee728b)  -> (artifact id: '59bfe03d75326e5e2c46926262c16322') in 0.008627 seconds 
========================================================================
Received Import Request.
  Time since last request: 1.934246 seconds.
  path: Assets/Models/Bricks/Plate
  artifactKey: Guid(6d51dcf0b128a8f44805646634f9e9fc) Importer(815301076,1909f56bfc062723c751e8b465ee728b)
Start importing Assets/Models/Bricks/Plate using Guid(6d51dcf0b128a8f44805646634f9e9fc) Importer(815301076,1909f56bfc062723c751e8b465ee728b)  -> (artifact id: 'cdba123b34bcb862aa038778b7d35fca') in 0.008927 seconds 
========================================================================
Received Import Request.
  Time since last request: 4.325651 seconds.
  path: Assets/Models/Bricks
  artifactKey: Guid(80e6bbba1ceb8c043aedd473748c613d) Importer(815301076,1909f56bfc062723c751e8b465ee728b)
Start importing Assets/Models/Bricks using Guid(80e6bbba1ceb8c043aedd473748c613d) Importer(815301076,1909f56bfc062723c751e8b465ee728b)  -> (artifact id: 'a3d7eb821ecfc6205685aae91f08cc0e') in 0.003571 seconds 
